Using pre-set license
Built from '2020.2/release' branch; Version is '2020.2.4f1 (becced5a802b) revision 12504301'; Using compiler version '192528614'; Build Type 'Release'
OS: 'Windows 10 Home; OS build 19043.1466; Version 2009; 64bit' Language: 'en' Physical Memory: 16317 MB
BatchMode: 1, IsHumanControllingUs: 0, StartBugReporterOnCrash: 0, Is64bit: 1, IsPro: 0

 COMMAND LINE ARGUMENTS:
C:\Program Files\Unity\Hub\Editor\2020.2.4f1\Editor\Unity.exe
-adb2
-batchMode
-noUpm
-name
AssetImportWorker0
-projectPath
D:/Unity Projects/TeachingProjects/AiddenGeekEduProject/AiddenGeekEdu/AiddenPlatformer
-logFile
Logs/AssetImportWorker0.log
-srvPort
56855
Successfully changed project path to: D:/Unity Projects/TeachingProjects/AiddenGeekEduProject/AiddenGeekEdu/AiddenPlatformer
D:/Unity Projects/TeachingProjects/AiddenGeekEduProject/AiddenGeekEdu/AiddenPlatformer
Using Asset Import Pipeline V2.
Refreshing native plugins compatible for Editor in 33.56 ms, found 1 plugins.
Preloading 0 native plugins for Editor in 0.00 ms.
Initialize engine version: 2020.2.4f1 (becced5a802b)
[Subsystems] Discovering subsystems at path C:/Program Files/Unity/Hub/Editor/2020.2.4f1/Editor/Data/Resources/UnitySubsystems
[Subsystems] Discovering subsystems at path D:/Unity Projects/TeachingProjects/AiddenGeekEduProject/AiddenGeekEdu/AiddenPlatformer/Assets
GfxDevice: creating device client; threaded=0
Direct3D:
    Version:  Direct3D 11.0 [level 11.1]
    Renderer: NVIDIA GeForce RTX 2060 SUPER (ID=0x1f06)
    Vendor:   
    VRAM:     8031 MB
    Driver:   30.0.14.7196
Initialize mono
Mono path[0] = 'C:/Program Files/Unity/Hub/Editor/2020.2.4f1/Editor/Data/Managed'
Mono path[1] = 'C:/Program Files/Unity/Hub/Editor/2020.2.4f1/Editor/Data/MonoBleedingEdge/lib/mono/unityjit'
Mono config path = 'C:/Program Files/Unity/Hub/Editor/2020.2.4f1/Editor/Data/MonoBleedingEdge/etc'
Using monoOptions --debugger-agent=transport=dt_socket,embedding=1,server=y,suspend=n,address=127.0.0.1:56320
Begin MonoManager ReloadAssembly
Registering precompiled unity dll's ...
Register platform support module: C:/Program Files/Unity/Hub/Editor/2020.2.4f1/Editor/Data/PlaybackEngines/WebGLSupport/UnityEditor.WebGL.Extensions.dll
Register platform support module: C:/Program Files/Unity/Hub/Editor/2020.2.4f1/Editor/Data/PlaybackEngines/WindowsStandaloneSupport/UnityEditor.WindowsStandalone.Extensions.dll
Registered in 0.002689 seconds.
Native extension for WindowsStandalone target not found
Native extension for WebGL target not found
Refreshing native plugins compatible for Editor in 36.80 ms, found 1 plugins.
Preloading 0 native plugins for Editor in 0.00 ms.
Invoked RoslynAnalysisRunner static constructor.
RoslynAnalysisRunner will not be running.
RoslynAnalysisRunner has terminated.
Mono: successfully reloaded assembly
- Completed reload, in  1.995 seconds
Platform modules already initialized, skipping
Registering precompiled user dll's ...
Registered in 0.000966 seconds.
Begin MonoManager ReloadAssembly
Native extension for WindowsStandalone target not found
Native extension for WebGL target not found
Refreshing native plugins compatible for Editor in 34.17 ms, found 1 plugins.
Preloading 0 native plugins for Editor in 0.00 ms.
Invoked RoslynAnalysisRunner static constructor.
RoslynAnalysisRunner will not be running.
RoslynAnalysisRunner has terminated.
Mono: successfully reloaded assembly
- Completed reload, in  0.855 seconds
Platform modules already initialized, skipping
========================================================================
Worker process is ready to serve import requests
Launched and connected shader compiler UnityShaderCompiler.exe after 0.06 seconds
Refreshing native plugins compatible for Editor in 0.34 ms, found 1 plugins.
Preloading 0 native plugins for Editor in 0.00 ms.
Unloading 1797 Unused Serialized files (Serialized files now loaded: 0)
System memory in use before: 84.9 MB.
System memory in use after: 84.9 MB.

Unloading 24 unused Assets to reduce memory usage. Loaded Objects now: 2238.
Total: 5.556400 ms (FindLiveObjects: 0.933100 ms CreateObjectMapping: 0.142600 ms MarkObjects: 4.232000 ms  DeleteObjects: 0.244200 ms)

========================================================================
Received Import Request.
  path: Assets
  artifactKey: Guid(00000000000000001000000000000000) Importer(815301076,1909f56bfc062723c751e8b465ee728b)
Start importing Assets using Guid(00000000000000001000000000000000) Importer(815301076,1909f56bfc062723c751e8b465ee728b)  -> (artifact id: 'edc3feb264a98656617d3c2cb59c8f16') in 0.010775 seconds
  Import took 0.014379 seconds .

========================================================================
Received Import Request.
  Time since last request: 13.094887 seconds.
  path: Assets/Sprites
  artifactKey: Guid(b965bca438a40e844a6ece0f7dd07d7f) Importer(815301076,1909f56bfc062723c751e8b465ee728b)
Start importing Assets/Sprites using Guid(b965bca438a40e844a6ece0f7dd07d7f) Importer(815301076,1909f56bfc062723c751e8b465ee728b)  -> (artifact id: 'cf8819ecb69bded32e9a480e0c36027d') in 0.008280 seconds
  Import took 0.034268 seconds .

========================================================================
Received Import Request.
  Time since last request: 18.277327 seconds.
  path: Assets/Sprites/platformPack_tilesheet.png
  artifactKey: Guid(3340df76f5f69c94ba92894bed8b0d11) Importer(815301076,1909f56bfc062723c751e8b465ee728b)
Start importing Assets/Sprites/platformPack_tilesheet.png using Guid(3340df76f5f69c94ba92894bed8b0d11) Importer(815301076,1909f56bfc062723c751e8b465ee728b)  -> (artifact id: '9cc8b71aa97eedff288f6107e7dd13d5') in 0.100549 seconds
  Import took 0.104379 seconds .

========================================================================
Received Import Request.
  Time since last request: 0.000302 seconds.
  path: Assets/Sprites/platformerPack_character.png
  artifactKey: Guid(effab4440d194244b9c39e26d6f99fa2) Importer(815301076,1909f56bfc062723c751e8b465ee728b)
Start importing Assets/Sprites/platformerPack_character.png using Guid(effab4440d194244b9c39e26d6f99fa2) Importer(815301076,1909f56bfc062723c751e8b465ee728b)  -> (artifact id: '5090f6059645972d31b9f4bcedfd71a0') in 0.013083 seconds
  Import took 0.016602 seconds .

========================================================================
Received Import Request.
  Time since last request: 205.650091 seconds.
  path: Assets/Sprites/platformerPack_character.png
  artifactKey: Guid(effab4440d194244b9c39e26d6f99fa2) Importer(815301076,1909f56bfc062723c751e8b465ee728b)
Start importing Assets/Sprites/platformerPack_character.png using Guid(effab4440d194244b9c39e26d6f99fa2) Importer(815301076,1909f56bfc062723c751e8b465ee728b)  -> (artifact id: '2d35a644dd5e3fd96b49f047630c7d93') in 0.010737 seconds
  Import took 0.021942 seconds .

========================================================================
Received Import Request.
  Time since last request: 185.314692 seconds.
  path: Assets/Sprites/platformerPack_character.png
  artifactKey: Guid(effab4440d194244b9c39e26d6f99fa2) Importer(815301076,1909f56bfc062723c751e8b465ee728b)
Start importing Assets/Sprites/platformerPack_character.png using Guid(effab4440d194244b9c39e26d6f99fa2) Importer(815301076,1909f56bfc062723c751e8b465ee728b)  -> (artifact id: '8d60a04d0d09c3813f37edc23b5a5518') in 0.065484 seconds
  Import took 0.089849 seconds .

========================================================================
Received Prepare
Registering precompiled user dll's ...
Registered in 0.000739 seconds.
Begin MonoManager ReloadAssembly
Native extension for WindowsStandalone target not found
Native extension for WebGL target not found
Refreshing native plugins compatible for Editor in 0.51 ms, found 1 plugins.
Preloading 0 native plugins for Editor in 0.00 ms.
Invoked RoslynAnalysisRunner static constructor.
RoslynAnalysisRunner will not be running.
RoslynAnalysisRunner has terminated.
Mono: successfully reloaded assembly
- Completed reload, in  0.724 seconds
Platform modules already initialized, skipping
Refreshing native plugins compatible for Editor in 0.38 ms, found 1 plugins.
Preloading 0 native plugins for Editor in 0.00 ms.
Unloading 1792 Unused Serialized files (Serialized files now loaded: 0)
System memory in use before: 88.0 MB.
System memory in use after: 88.0 MB.

Unloading 12 unused Assets to reduce memory usage. Loaded Objects now: 2249.
Total: 3.857000 ms (FindLiveObjects: 0.858300 ms CreateObjectMapping: 0.106100 ms MarkObjects: 2.778700 ms  DeleteObjects: 0.111400 ms)

========================================================================
Received Import Request.
  Time since last request: 215.202304 seconds.
  path: Assets/Scripts
  artifactKey: Guid(5a6c9627169fa094fb36af245862ae77) Importer(815301076,1909f56bfc062723c751e8b465ee728b)
Start importing Assets/Scripts using Guid(5a6c9627169fa094fb36af245862ae77) Importer(815301076,1909f56bfc062723c751e8b465ee728b)  -> (artifact id: 'e52d09d8a153a92bdda25042e878ee57') in 0.011350 seconds
  Import took 0.015248 seconds .

========================================================================
Received Import Request.
  Time since last request: 16.232994 seconds.
  path: Assets/Scripts/Player.cs
  artifactKey: Guid(3a41c6b8c388b93428e8fed90fd346f4) Importer(815301076,1909f56bfc062723c751e8b465ee728b)
Start importing Assets/Scripts/Player.cs using Guid(3a41c6b8c388b93428e8fed90fd346f4) Importer(815301076,1909f56bfc062723c751e8b465ee728b)  -> (artifact id: 'bb2dbb9a5ee9b4a2f952dae508e7ff42') in 0.009129 seconds
  Import took 0.034768 seconds .

========================================================================
Received Prepare
Registering precompiled user dll's ...
Registered in 0.001144 seconds.
Begin MonoManager ReloadAssembly
Native extension for WindowsStandalone target not found
Native extension for WebGL target not found
Refreshing native plugins compatible for Editor in 0.36 ms, found 1 plugins.
Preloading 0 native plugins for Editor in 0.00 ms.
Invoked RoslynAnalysisRunner static constructor.
RoslynAnalysisRunner will not be running.
RoslynAnalysisRunner has terminated.
Mono: successfully reloaded assembly
- Completed reload, in  0.811 seconds
Platform modules already initialized, skipping
Refreshing native plugins compatible for Editor in 1.11 ms, found 1 plugins.
Preloading 0 native plugins for Editor in 0.00 ms.
Unloading 1793 Unused Serialized files (Serialized files now loaded: 0)
System memory in use before: 88.1 MB.
System memory in use after: 88.1 MB.

Unloading 12 unused Assets to reduce memory usage. Loaded Objects now: 2253.
Total: 2.181300 ms (FindLiveObjects: 0.328700 ms CreateObjectMapping: 0.040200 ms MarkObjects: 1.710300 ms  DeleteObjects: 0.100600 ms)

========================================================================
Received Prepare
Registering precompiled user dll's ...
Registered in 0.001380 seconds.
Begin MonoManager ReloadAssembly
Native extension for WindowsStandalone target not found
Native extension for WebGL target not found
Refreshing native plugins compatible for Editor in 0.35 ms, found 1 plugins.
Preloading 0 native plugins for Editor in 0.00 ms.
Invoked RoslynAnalysisRunner static constructor.
RoslynAnalysisRunner will not be running.
RoslynAnalysisRunner has terminated.
Mono: successfully reloaded assembly
- Completed reload, in  0.780 seconds
Platform modules already initialized, skipping
Refreshing native plugins compatible for Editor in 0.48 ms, found 1 plugins.
Preloading 0 native plugins for Editor in 0.00 ms.
Unloading 1793 Unused Serialized files (Serialized files now loaded: 0)
System memory in use before: 88.1 MB.
System memory in use after: 88.1 MB.

Unloading 12 unused Assets to reduce memory usage. Loaded Objects now: 2256.
Total: 2.221600 ms (FindLiveObjects: 0.261500 ms CreateObjectMapping: 0.042400 ms MarkObjects: 1.804200 ms  DeleteObjects: 0.111700 ms)

========================================================================
Received Import Request.
  Time since last request: 938.127284 seconds.
  path: Assets/Scripts/Player.cs
  artifactKey: Guid(3a41c6b8c388b93428e8fed90fd346f4) Importer(815301076,1909f56bfc062723c751e8b465ee728b)
Start importing Assets/Scripts/Player.cs using Guid(3a41c6b8c388b93428e8fed90fd346f4) Importer(815301076,1909f56bfc062723c751e8b465ee728b)  -> (artifact id: '65acb893e1de2e506ca127ca8a2c785c') in 0.004715 seconds
  Import took 0.036379 seconds .

========================================================================
Received Prepare
Registering precompiled user dll's ...
Registered in 0.000831 seconds.
Begin MonoManager ReloadAssembly
Native extension for WindowsStandalone target not found
Native extension for WebGL target not found
Refreshing native plugins compatible for Editor in 0.35 ms, found 1 plugins.
Preloading 0 native plugins for Editor in 0.00 ms.
Invoked RoslynAnalysisRunner static constructor.
RoslynAnalysisRunner will not be running.
RoslynAnalysisRunner has terminated.
Mono: successfully reloaded assembly
- Completed reload, in  0.708 seconds
Platform modules already initialized, skipping
Refreshing native plugins compatible for Editor in 0.43 ms, found 1 plugins.
Preloading 0 native plugins for Editor in 0.00 ms.
Unloading 1793 Unused Serialized files (Serialized files now loaded: 0)
System memory in use before: 88.1 MB.
System memory in use after: 88.1 MB.

Unloading 12 unused Assets to reduce memory usage. Loaded Objects now: 2259.
Total: 1.875000 ms (FindLiveObjects: 0.295700 ms CreateObjectMapping: 0.055200 ms MarkObjects: 1.412500 ms  DeleteObjects: 0.110700 ms)

========================================================================
Received Import Request.
  Time since last request: 206.898345 seconds.
  path: Assets/Animations
  artifactKey: Guid(9c435f9a5ef7e5e4e9622a88d2bc35ad) Importer(815301076,1909f56bfc062723c751e8b465ee728b)
Start importing Assets/Animations using Guid(9c435f9a5ef7e5e4e9622a88d2bc35ad) Importer(815301076,1909f56bfc062723c751e8b465ee728b)  -> (artifact id: 'ff1ddbecf75d7782a6321cd6f2b8265e') in 0.008037 seconds
  Import took 0.021168 seconds .

========================================================================
Received Import Request.
  Time since last request: 289.787616 seconds.
  path: Assets/Animations/Player.controller
  artifactKey: Guid(54032ccf76b904e42ace57bfdf06a394) Importer(815301076,1909f56bfc062723c751e8b465ee728b)
Start importing Assets/Animations/Player.controller using Guid(54032ccf76b904e42ace57bfdf06a394) Importer(815301076,1909f56bfc062723c751e8b465ee728b)  -> (artifact id: '9cf8d9f5bf5cd47eec777fdbd74cc4d9') in 0.011956 seconds
  Import took 0.015168 seconds .

========================================================================
Received Prepare
Registering precompiled user dll's ...
Registered in 0.000909 seconds.
Begin MonoManager ReloadAssembly
Native extension for WindowsStandalone target not found
Native extension for WebGL target not found
Refreshing native plugins compatible for Editor in 0.37 ms, found 1 plugins.
Preloading 0 native plugins for Editor in 0.00 ms.
Invoked RoslynAnalysisRunner static constructor.
RoslynAnalysisRunner will not be running.
RoslynAnalysisRunner has terminated.
Mono: successfully reloaded assembly
- Completed reload, in  0.774 seconds
Platform modules already initialized, skipping
Refreshing native plugins compatible for Editor in 0.34 ms, found 1 plugins.
Preloading 0 native plugins for Editor in 0.00 ms.
Unloading 1793 Unused Serialized files (Serialized files now loaded: 0)
System memory in use before: 88.1 MB.
System memory in use after: 88.1 MB.

Unloading 12 unused Assets to reduce memory usage. Loaded Objects now: 2262.
Total: 2.317700 ms (FindLiveObjects: 0.193300 ms CreateObjectMapping: 0.044600 ms MarkObjects: 1.978000 ms  DeleteObjects: 0.100000 ms)

========================================================================
Received Prepare
Registering precompiled user dll's ...
Registered in 0.000861 seconds.
Begin MonoManager ReloadAssembly
Native extension for WindowsStandalone target not found
Native extension for WebGL target not found
Refreshing native plugins compatible for Editor in 0.67 ms, found 1 plugins.
Preloading 0 native plugins for Editor in 0.00 ms.
Invoked RoslynAnalysisRunner static constructor.
RoslynAnalysisRunner will not be running.
RoslynAnalysisRunner has terminated.
Mono: successfully reloaded assembly
- Completed reload, in  0.783 seconds
Platform modules already initialized, skipping
Refreshing native plugins compatible for Editor in 0.37 ms, found 1 plugins.
Preloading 0 native plugins for Editor in 0.00 ms.
Unloading 1793 Unused Serialized files (Serialized files now loaded: 0)
System memory in use before: 88.1 MB.
System memory in use after: 88.1 MB.

Unloading 12 unused Assets to reduce memory usage. Loaded Objects now: 2265.
Total: 1.891400 ms (FindLiveObjects: 0.250400 ms CreateObjectMapping: 0.045500 ms MarkObjects: 1.485300 ms  DeleteObjects: 0.109000 ms)

========================================================================
Received Prepare
Registering precompiled user dll's ...
Registered in 0.000950 seconds.
Begin MonoManager ReloadAssembly
Native extension for WindowsStandalone target not found
Native extension for WebGL target not found
Refreshing native plugins compatible for Editor in 0.42 ms, found 1 plugins.
Preloading 0 native plugins for Editor in 0.00 ms.
Invoked RoslynAnalysisRunner static constructor.
RoslynAnalysisRunner will not be running.
RoslynAnalysisRunner has terminated.
Mono: successfully reloaded assembly
- Completed reload, in  0.777 seconds
Platform modules already initialized, skipping
Refreshing native plugins compatible for Editor in 0.35 ms, found 1 plugins.
Preloading 0 native plugins for Editor in 0.00 ms.
Unloading 1793 Unused Serialized files (Serialized files now loaded: 0)
System memory in use before: 88.1 MB.
System memory in use after: 88.1 MB.

Unloading 12 unused Assets to reduce memory usage. Loaded Objects now: 2268.
Total: 1.864500 ms (FindLiveObjects: 0.233900 ms CreateObjectMapping: 0.049800 ms MarkObjects: 1.484500 ms  DeleteObjects: 0.095200 ms)

AssetImportWorkerClient::OnTransportError - code=2 error=End of file
