Using pre-set license
Built from '2020.2/release' branch; Version is '2020.2.4f1 (becced5a802b) revision 12504301'; Using compiler version '192528614'; Build Type 'Release'
OS: 'Windows 10 Home; OS build 19043.1466; Version 2009; 64bit' Language: 'en' Physical Memory: 16317 MB
BatchMode: 1, IsHumanControllingUs: 0, StartBugReporterOnCrash: 0, Is64bit: 1, IsPro: 0

 COMMAND LINE ARGUMENTS:
C:\Program Files\Unity\Hub\Editor\2020.2.4f1\Editor\Unity.exe
-adb2
-batchMode
-noUpm
-name
AssetImportWorker0
-projectPath
D:/Unity Projects/TeachingProjects/AiddenGeekEduProject/AiddenGeekEdu/AiddenGeekEduProject
-logFile
Logs/AssetImportWorker0.log
-srvPort
53198
Successfully changed project path to: D:/Unity Projects/TeachingProjects/AiddenGeekEduProject/AiddenGeekEdu/AiddenGeekEduProject
D:/Unity Projects/TeachingProjects/AiddenGeekEduProject/AiddenGeekEdu/AiddenGeekEduProject
Using Asset Import Pipeline V2.
Refreshing native plugins compatible for Editor in 36.10 ms, found 1 plugins.
Preloading 0 native plugins for Editor in 0.00 ms.
Initialize engine version: 2020.2.4f1 (becced5a802b)
[Subsystems] Discovering subsystems at path C:/Program Files/Unity/Hub/Editor/2020.2.4f1/Editor/Data/Resources/UnitySubsystems
[Subsystems] Discovering subsystems at path D:/Unity Projects/TeachingProjects/AiddenGeekEduProject/AiddenGeekEdu/AiddenGeekEduProject/Assets
GfxDevice: creating device client; threaded=0
Direct3D:
    Version:  Direct3D 11.0 [level 11.1]
    Renderer: NVIDIA GeForce RTX 2060 SUPER (ID=0x1f06)
    Vendor:   
    VRAM:     8031 MB
    Driver:   30.0.14.7196
Initialize mono
Mono path[0] = 'C:/Program Files/Unity/Hub/Editor/2020.2.4f1/Editor/Data/Managed'
Mono path[1] = 'C:/Program Files/Unity/Hub/Editor/2020.2.4f1/Editor/Data/MonoBleedingEdge/lib/mono/unityjit'
Mono config path = 'C:/Program Files/Unity/Hub/Editor/2020.2.4f1/Editor/Data/MonoBleedingEdge/etc'
Using monoOptions --debugger-agent=transport=dt_socket,embedding=1,server=y,suspend=n,address=127.0.0.1:56908
Begin MonoManager ReloadAssembly
Registering precompiled unity dll's ...
Register platform support module: C:/Program Files/Unity/Hub/Editor/2020.2.4f1/Editor/Data/PlaybackEngines/WebGLSupport/UnityEditor.WebGL.Extensions.dll
Register platform support module: C:/Program Files/Unity/Hub/Editor/2020.2.4f1/Editor/Data/PlaybackEngines/WindowsStandaloneSupport/UnityEditor.WindowsStandalone.Extensions.dll
Registered in 0.002815 seconds.
Native extension for WindowsStandalone target not found
Native extension for WebGL target not found
Refreshing native plugins compatible for Editor in 33.23 ms, found 1 plugins.
Preloading 0 native plugins for Editor in 0.00 ms.
Invoked RoslynAnalysisRunner static constructor.
RoslynAnalysisRunner will not be running.
RoslynAnalysisRunner has terminated.
Mono: successfully reloaded assembly
- Completed reload, in  1.887 seconds
Platform modules already initialized, skipping
Registering precompiled user dll's ...
Registered in 0.000606 seconds.
Begin MonoManager ReloadAssembly
Native extension for WindowsStandalone target not found
Native extension for WebGL target not found
Refreshing native plugins compatible for Editor in 37.46 ms, found 1 plugins.
Preloading 0 native plugins for Editor in 0.00 ms.
Invoked RoslynAnalysisRunner static constructor.
RoslynAnalysisRunner will not be running.
RoslynAnalysisRunner has terminated.
Mono: successfully reloaded assembly
- Completed reload, in  0.907 seconds
Platform modules already initialized, skipping
========================================================================
Worker process is ready to serve import requests
Launched and connected shader compiler UnityShaderCompiler.exe after 0.04 seconds
Refreshing native plugins compatible for Editor in 0.45 ms, found 1 plugins.
Preloading 0 native plugins for Editor in 0.00 ms.
Unloading 1797 Unused Serialized files (Serialized files now loaded: 0)
System memory in use before: 84.9 MB.
System memory in use after: 84.9 MB.

Unloading 24 unused Assets to reduce memory usage. Loaded Objects now: 2238.
Total: 2.111600 ms (FindLiveObjects: 0.334600 ms CreateObjectMapping: 0.053000 ms MarkObjects: 1.611900 ms  DeleteObjects: 0.111000 ms)

========================================================================
Received Import Request.
  path: Assets
  artifactKey: Guid(00000000000000001000000000000000) Importer(815301076,1909f56bfc062723c751e8b465ee728b)
Start importing Assets using Guid(00000000000000001000000000000000) Importer(815301076,1909f56bfc062723c751e8b465ee728b)  -> (artifact id: 'edc3feb264a98656617d3c2cb59c8f16') in 0.013283 seconds
  Import took 0.036238 seconds .

========================================================================
Received Import Request.
  Time since last request: 3.343149 seconds.
  path: Assets/Scripts
  artifactKey: Guid(7828536c0d8c76e42bba4353b797358a) Importer(815301076,1909f56bfc062723c751e8b465ee728b)
Start importing Assets/Scripts using Guid(7828536c0d8c76e42bba4353b797358a) Importer(815301076,1909f56bfc062723c751e8b465ee728b)  -> (artifact id: '680d945bfbadc67590c7fa95f783b82b') in 0.007538 seconds
  Import took 0.010677 seconds .

========================================================================
Received Import Request.
  Time since last request: 16.310755 seconds.
  path: Assets/Scripts/PlayerMovement.cs
  artifactKey: Guid(cc2a63aea63840942b0fabbc7ace3e6d) Importer(815301076,1909f56bfc062723c751e8b465ee728b)
Start importing Assets/Scripts/PlayerMovement.cs using Guid(cc2a63aea63840942b0fabbc7ace3e6d) Importer(815301076,1909f56bfc062723c751e8b465ee728b)  -> (artifact id: '4a608236325abe300ac019cae03dc6f5') in 0.037112 seconds
  Import took 0.066898 seconds .

========================================================================
Received Prepare
Registering precompiled user dll's ...
Registered in 0.000698 seconds.
Begin MonoManager ReloadAssembly
Native extension for WindowsStandalone target not found
Native extension for WebGL target not found
Refreshing native plugins compatible for Editor in 0.58 ms, found 1 plugins.
Preloading 0 native plugins for Editor in 0.00 ms.
Invoked RoslynAnalysisRunner static constructor.
RoslynAnalysisRunner will not be running.
RoslynAnalysisRunner has terminated.
Mono: successfully reloaded assembly
- Completed reload, in  0.755 seconds
Platform modules already initialized, skipping
Refreshing native plugins compatible for Editor in 0.33 ms, found 1 plugins.
Preloading 0 native plugins for Editor in 0.00 ms.
Unloading 1793 Unused Serialized files (Serialized files now loaded: 0)
System memory in use before: 84.9 MB.
System memory in use after: 84.9 MB.

Unloading 12 unused Assets to reduce memory usage. Loaded Objects now: 2242.
Total: 1.991000 ms (FindLiveObjects: 0.256200 ms CreateObjectMapping: 0.046000 ms MarkObjects: 1.585900 ms  DeleteObjects: 0.101800 ms)

========================================================================
Received Prepare
Registering precompiled user dll's ...
Registered in 0.001809 seconds.
Begin MonoManager ReloadAssembly
Native extension for WindowsStandalone target not found
Native extension for WebGL target not found
Refreshing native plugins compatible for Editor in 0.36 ms, found 1 plugins.
Preloading 0 native plugins for Editor in 0.00 ms.
Invoked RoslynAnalysisRunner static constructor.
RoslynAnalysisRunner will not be running.
RoslynAnalysisRunner has terminated.
Mono: successfully reloaded assembly
- Completed reload, in  0.746 seconds
Platform modules already initialized, skipping
Refreshing native plugins compatible for Editor in 0.64 ms, found 1 plugins.
Preloading 0 native plugins for Editor in 0.00 ms.
Unloading 1793 Unused Serialized files (Serialized files now loaded: 0)
System memory in use before: 85.0 MB.
System memory in use after: 84.9 MB.

Unloading 12 unused Assets to reduce memory usage. Loaded Objects now: 2245.
Total: 2.929000 ms (FindLiveObjects: 0.492400 ms CreateObjectMapping: 0.063600 ms MarkObjects: 2.188400 ms  DeleteObjects: 0.182700 ms)

========================================================================
Received Import Request.
  Time since last request: 774.241577 seconds.
  path: Assets/Scripts/PlayerMovement.cs
  artifactKey: Guid(cc2a63aea63840942b0fabbc7ace3e6d) Importer(815301076,1909f56bfc062723c751e8b465ee728b)
Start importing Assets/Scripts/PlayerMovement.cs using Guid(cc2a63aea63840942b0fabbc7ace3e6d) Importer(815301076,1909f56bfc062723c751e8b465ee728b)  -> (artifact id: 'b558b2e6d54284f00b9a585298142df6') in 0.004829 seconds
  Import took 0.023620 seconds .

========================================================================
Received Prepare
Registering precompiled user dll's ...
Registered in 0.000765 seconds.
Begin MonoManager ReloadAssembly
Native extension for WindowsStandalone target not found
Native extension for WebGL target not found
Refreshing native plugins compatible for Editor in 0.60 ms, found 1 plugins.
Preloading 0 native plugins for Editor in 0.00 ms.
Invoked RoslynAnalysisRunner static constructor.
RoslynAnalysisRunner will not be running.
RoslynAnalysisRunner has terminated.
Mono: successfully reloaded assembly
- Completed reload, in  0.806 seconds
Platform modules already initialized, skipping
Refreshing native plugins compatible for Editor in 0.34 ms, found 1 plugins.
Preloading 0 native plugins for Editor in 0.00 ms.
Unloading 1793 Unused Serialized files (Serialized files now loaded: 0)
System memory in use before: 85.0 MB.
System memory in use after: 85.0 MB.

Unloading 12 unused Assets to reduce memory usage. Loaded Objects now: 2248.
Total: 4.477000 ms (FindLiveObjects: 1.032400 ms CreateObjectMapping: 0.091400 ms MarkObjects: 3.176500 ms  DeleteObjects: 0.170700 ms)

========================================================================
Received Import Request.
  Time since last request: 491.964017 seconds.
  path: Assets/Scripts/EnemyMovement.cs
  artifactKey: Guid(177060be5ab388c4d87fcfba99e39d17) Importer(815301076,1909f56bfc062723c751e8b465ee728b)
Start importing Assets/Scripts/EnemyMovement.cs using Guid(177060be5ab388c4d87fcfba99e39d17) Importer(815301076,1909f56bfc062723c751e8b465ee728b)  -> (artifact id: '01f5fa0717a09f31277f3e08b5409c37') in 0.010350 seconds
  Import took 0.028675 seconds .

========================================================================
Received Prepare
Registering precompiled user dll's ...
Registered in 0.001076 seconds.
Begin MonoManager ReloadAssembly
Native extension for WindowsStandalone target not found
Native extension for WebGL target not found
Refreshing native plugins compatible for Editor in 0.46 ms, found 1 plugins.
Preloading 0 native plugins for Editor in 0.00 ms.
Invoked RoslynAnalysisRunner static constructor.
RoslynAnalysisRunner will not be running.
RoslynAnalysisRunner has terminated.
Mono: successfully reloaded assembly
- Completed reload, in  0.842 seconds
Platform modules already initialized, skipping
Refreshing native plugins compatible for Editor in 1.14 ms, found 1 plugins.
Preloading 0 native plugins for Editor in 0.00 ms.
Unloading 1794 Unused Serialized files (Serialized files now loaded: 0)
System memory in use before: 85.0 MB.
System memory in use after: 85.0 MB.

Unloading 12 unused Assets to reduce memory usage. Loaded Objects now: 2252.
Total: 2.299800 ms (FindLiveObjects: 0.291300 ms CreateObjectMapping: 0.040100 ms MarkObjects: 1.831100 ms  DeleteObjects: 0.136500 ms)

========================================================================
Received Prepare
Registering precompiled user dll's ...
Registered in 0.000814 seconds.
Begin MonoManager ReloadAssembly
Native extension for WindowsStandalone target not found
Native extension for WebGL target not found
Refreshing native plugins compatible for Editor in 0.50 ms, found 1 plugins.
Preloading 0 native plugins for Editor in 0.00 ms.
Invoked RoslynAnalysisRunner static constructor.
RoslynAnalysisRunner will not be running.
RoslynAnalysisRunner has terminated.
Mono: successfully reloaded assembly
- Completed reload, in  0.761 seconds
Platform modules already initialized, skipping
Refreshing native plugins compatible for Editor in 0.49 ms, found 1 plugins.
Preloading 0 native plugins for Editor in 0.00 ms.
Unloading 1794 Unused Serialized files (Serialized files now loaded: 0)
System memory in use before: 85.0 MB.
System memory in use after: 85.0 MB.

Unloading 12 unused Assets to reduce memory usage. Loaded Objects now: 2255.
Total: 1.974900 ms (FindLiveObjects: 0.222100 ms CreateObjectMapping: 0.046700 ms MarkObjects: 1.588100 ms  DeleteObjects: 0.116000 ms)

========================================================================
Received Import Request.
  Time since last request: 663.614492 seconds.
  path: Assets/Scripts/EnemyMovement.cs
  artifactKey: Guid(177060be5ab388c4d87fcfba99e39d17) Importer(815301076,1909f56bfc062723c751e8b465ee728b)
Start importing Assets/Scripts/EnemyMovement.cs using Guid(177060be5ab388c4d87fcfba99e39d17) Importer(815301076,1909f56bfc062723c751e8b465ee728b)  -> (artifact id: '7dfb52d55969fbd5cd3e77cdb77cb39a') in 0.004869 seconds
  Import took 0.008006 seconds .

========================================================================
Received Prepare
Registering precompiled user dll's ...
Registered in 0.001202 seconds.
Begin MonoManager ReloadAssembly
Native extension for WindowsStandalone target not found
Native extension for WebGL target not found
Refreshing native plugins compatible for Editor in 0.35 ms, found 1 plugins.
Preloading 0 native plugins for Editor in 0.00 ms.
Invoked RoslynAnalysisRunner static constructor.
RoslynAnalysisRunner will not be running.
RoslynAnalysisRunner has terminated.
Mono: successfully reloaded assembly
- Completed reload, in  0.717 seconds
Platform modules already initialized, skipping
Refreshing native plugins compatible for Editor in 0.38 ms, found 1 plugins.
Preloading 0 native plugins for Editor in 0.00 ms.
Unloading 1794 Unused Serialized files (Serialized files now loaded: 0)
System memory in use before: 85.0 MB.
System memory in use after: 85.0 MB.

Unloading 12 unused Assets to reduce memory usage. Loaded Objects now: 2258.
Total: 4.403200 ms (FindLiveObjects: 0.932500 ms CreateObjectMapping: 0.102600 ms MarkObjects: 3.253000 ms  DeleteObjects: 0.112500 ms)

========================================================================
Received Import Request.
  Time since last request: 111.259063 seconds.
  path: Assets/Prefab
  artifactKey: Guid(49f0a59ec5693fc4cb7687f6b66165ba) Importer(815301076,1909f56bfc062723c751e8b465ee728b)
Start importing Assets/Prefab using Guid(49f0a59ec5693fc4cb7687f6b66165ba) Importer(815301076,1909f56bfc062723c751e8b465ee728b)  -> (artifact id: 'c67d0feafa20e43cf63f75ec2c08089f') in 0.009016 seconds
  Import took 0.029885 seconds .

========================================================================
Received Import Request.
  Time since last request: 5.641508 seconds.
  path: Assets/Prefab/Enemy.prefab
  artifactKey: Guid(4b811965c4dc2e94c8c1d8e8f297d647) Importer(815301076,1909f56bfc062723c751e8b465ee728b)
Start importing Assets/Prefab/Enemy.prefab using Guid(4b811965c4dc2e94c8c1d8e8f297d647) Importer(815301076,1909f56bfc062723c751e8b465ee728b)  -> (artifact id: '5dc9d9101a0e1b22716bc73a4d72eb14') in 0.096912 seconds
  Import took 0.099875 seconds .

========================================================================
Received Import Request.
  Time since last request: 141.429592 seconds.
  path: Assets/Scripts/EnemySpawner.cs
  artifactKey: Guid(a5839746af9535c4d9c9a676c3df22ee) Importer(815301076,1909f56bfc062723c751e8b465ee728b)
Start importing Assets/Scripts/EnemySpawner.cs using Guid(a5839746af9535c4d9c9a676c3df22ee) Importer(815301076,1909f56bfc062723c751e8b465ee728b)  -> (artifact id: '5eea1fa72424c26a50f1e9a69b6f2044') in 0.010009 seconds
  Import took 0.013397 seconds .

========================================================================
Received Import Request.
  Time since last request: 0.003322 seconds.
  path: Assets/Scripts/EnemySpawner.cs
  artifactKey: Guid(a5839746af9535c4d9c9a676c3df22ee) Importer(815301076,1909f56bfc062723c751e8b465ee728b)
Start importing Assets/Scripts/EnemySpawner.cs using Guid(a5839746af9535c4d9c9a676c3df22ee) Importer(815301076,1909f56bfc062723c751e8b465ee728b)  -> (artifact id: '5eea1fa72424c26a50f1e9a69b6f2044') in 0.004228 seconds
  Import took 0.007783 seconds .

========================================================================
Received Prepare
Registering precompiled user dll's ...
Registered in 0.001022 seconds.
Begin MonoManager ReloadAssembly
Native extension for WindowsStandalone target not found
Native extension for WebGL target not found
Refreshing native plugins compatible for Editor in 0.34 ms, found 1 plugins.
Preloading 0 native plugins for Editor in 0.00 ms.
Invoked RoslynAnalysisRunner static constructor.
RoslynAnalysisRunner will not be running.
RoslynAnalysisRunner has terminated.
Mono: successfully reloaded assembly
- Completed reload, in  0.829 seconds
Platform modules already initialized, skipping
Refreshing native plugins compatible for Editor in 0.33 ms, found 1 plugins.
Preloading 0 native plugins for Editor in 0.00 ms.
Unloading 1795 Unused Serialized files (Serialized files now loaded: 0)
System memory in use before: 88.2 MB.
System memory in use after: 88.2 MB.

Unloading 12 unused Assets to reduce memory usage. Loaded Objects now: 2269.
Total: 7.197700 ms (FindLiveObjects: 0.903100 ms CreateObjectMapping: 0.107700 ms MarkObjects: 5.923200 ms  DeleteObjects: 0.260100 ms)

========================================================================
Received Prepare
Registering precompiled user dll's ...
Registered in 0.000856 seconds.
Begin MonoManager ReloadAssembly
Native extension for WindowsStandalone target not found
Native extension for WebGL target not found
Refreshing native plugins compatible for Editor in 0.39 ms, found 1 plugins.
Preloading 0 native plugins for Editor in 0.00 ms.
Invoked RoslynAnalysisRunner static constructor.
RoslynAnalysisRunner will not be running.
RoslynAnalysisRunner has terminated.
Mono: successfully reloaded assembly
- Completed reload, in  0.769 seconds
Platform modules already initialized, skipping
Refreshing native plugins compatible for Editor in 0.32 ms, found 1 plugins.
Preloading 0 native plugins for Editor in 0.00 ms.
Unloading 1795 Unused Serialized files (Serialized files now loaded: 0)
System memory in use before: 88.2 MB.
System memory in use after: 88.2 MB.

Unloading 12 unused Assets to reduce memory usage. Loaded Objects now: 2272.
Total: 2.021200 ms (FindLiveObjects: 0.248500 ms CreateObjectMapping: 0.053000 ms MarkObjects: 1.579500 ms  DeleteObjects: 0.138900 ms)

========================================================================
Received Import Request.
  Time since last request: 241.987046 seconds.
  path: Assets/Scripts/EnemySpawner.cs
  artifactKey: Guid(a5839746af9535c4d9c9a676c3df22ee) Importer(815301076,1909f56bfc062723c751e8b465ee728b)
Start importing Assets/Scripts/EnemySpawner.cs using Guid(a5839746af9535c4d9c9a676c3df22ee) Importer(815301076,1909f56bfc062723c751e8b465ee728b)  -> (artifact id: 'e4f5281fbebacc9647481c867a4383a7') in 0.005408 seconds
  Import took 0.035382 seconds .

========================================================================
Received Import Request.
  Time since last request: 20.884774 seconds.
  path: Assets/Prefab/Enemy.prefab
  artifactKey: Guid(4b811965c4dc2e94c8c1d8e8f297d647) Importer(815301076,1909f56bfc062723c751e8b465ee728b)
Start importing Assets/Prefab/Enemy.prefab using Guid(4b811965c4dc2e94c8c1d8e8f297d647) Importer(815301076,1909f56bfc062723c751e8b465ee728b)  -> (artifact id: 'b30786eeca7c3369dcdb8f49fe5e2224') in 0.046149 seconds
  Import took 0.049764 seconds .

========================================================================
Received Prepare
Registering precompiled user dll's ...
Registered in 0.000736 seconds.
Begin MonoManager ReloadAssembly
Native extension for WindowsStandalone target not found
Native extension for WebGL target not found
Refreshing native plugins compatible for Editor in 0.34 ms, found 1 plugins.
Preloading 0 native plugins for Editor in 0.00 ms.
Invoked RoslynAnalysisRunner static constructor.
RoslynAnalysisRunner will not be running.
RoslynAnalysisRunner has terminated.
Mono: successfully reloaded assembly
- Completed reload, in  0.758 seconds
Platform modules already initialized, skipping
Refreshing native plugins compatible for Editor in 0.44 ms, found 1 plugins.
Preloading 0 native plugins for Editor in 0.00 ms.
Unloading 1795 Unused Serialized files (Serialized files now loaded: 0)
System memory in use before: 88.2 MB.
System memory in use after: 88.2 MB.

Unloading 12 unused Assets to reduce memory usage. Loaded Objects now: 2276.
Total: 2.836500 ms (FindLiveObjects: 0.271700 ms CreateObjectMapping: 0.042900 ms MarkObjects: 2.386200 ms  DeleteObjects: 0.133700 ms)

========================================================================
Received Prepare
Registering precompiled user dll's ...
Registered in 0.000954 seconds.
Begin MonoManager ReloadAssembly
Native extension for WindowsStandalone target not found
Native extension for WebGL target not found
Refreshing native plugins compatible for Editor in 0.37 ms, found 1 plugins.
Preloading 0 native plugins for Editor in 0.00 ms.
Invoked RoslynAnalysisRunner static constructor.
RoslynAnalysisRunner will not be running.
RoslynAnalysisRunner has terminated.
Mono: successfully reloaded assembly
- Completed reload, in  0.703 seconds
Platform modules already initialized, skipping
Refreshing native plugins compatible for Editor in 0.34 ms, found 1 plugins.
Preloading 0 native plugins for Editor in 0.00 ms.
Unloading 1795 Unused Serialized files (Serialized files now loaded: 0)
System memory in use before: 88.2 MB.
System memory in use after: 88.2 MB.

Unloading 12 unused Assets to reduce memory usage. Loaded Objects now: 2279.
Total: 1.748300 ms (FindLiveObjects: 0.202400 ms CreateObjectMapping: 0.043000 ms MarkObjects: 1.405500 ms  DeleteObjects: 0.095600 ms)

AssetImportWorkerClient::OnTransportError - code=2 error=End of file
